app/build/outputs/logs/manifest-merger-debug-report.txt
-- Merging decision tree log ---
manifest
ADDED from src\main\AndroidManifest.xml:2:1-30:12
	package
		ADDED from src\main\AndroidManifest.xml:3:5-49
		INJECTED from src\main\AndroidManifest.xml
		INJECTED from src\main\AndroidManifest.xml
	android:versionName
		INJECTED from src\main\AndroidManifest.xml
		INJECTED from src\main\AndroidManifest.xml
	xmlns:android
		ADDED from src\main\AndroidManifest.xml:2:11-69
	android:versionCode
		INJECTED from src\main\AndroidManifest.xml
		INJECTED from src\main\AndroidManifest.xml
uses-permission#android.permission.INTERNET
ADDED from src\main\AndroidManifest.xml:5:5-67
MERGED from [ServiceOnline:datalayer:unspecified] AndroidManifest.xml:11:5-67
	android:name
		ADDED from src\main\AndroidManifest.xml:5:22-64
uses-permission#android.permission.ACCESS_NETWORK_STATE
ADDED from src\main\AndroidManifest.xml:6:5-79
MERGED from [ServiceOnline:datalayer:unspecified] AndroidManifest.xml:12:5-79
	android:name
		ADDED from src\main\AndroidManifest.xml:6:22-76
application
ADDED from src\main\AndroidManifest.xml:8:5-28:19
MERGED from [ServiceOnline:datalayer:unspecified] AndroidManifest.xml:14:5-18:19
MERGED from [com.android.support:appcompat-v7:23.1.1] AndroidManifest.xml:22:5-20
MERGED from [com.android.support:support-v4:23.1.1] AndroidManifest.xml:22:5-20
MERGED from [com.android.support:appcompat-v7:23.1.1] AndroidManifest.xml:22:5-20
MERGED from [com.android.support:support-v4:23.1.1] AndroidManifest.xml:22:5-20
MERGED from [com.android.support:support-v4:23.1.1] AndroidManifest.xml:22:5-20
	android:label
		ADDED from src\main\AndroidManifest.xml:12:9-41
	android:supportsRtl
		ADDED from src\main\AndroidManifest.xml:13:9-35
	android:allowBackup
		ADDED from src\main\AndroidManifest.xml:10:9-35
	android:icon
		ADDED from src\main\AndroidManifest.xml:11:9-43
	android:theme
		ADDED from src\main\AndroidManifest.xml:14:9-40
	android:name
		ADDED from src\main\AndroidManifest.xml:9:9-35
activity#com.finance.hechuang.serviceonline.MainActivity
ADDED from src\main\AndroidManifest.xml:15:9-23:20
	android:name
		ADDED from src\main\AndroidManifest.xml:15:19-47
intent-filter#android.intent.action.MAIN+android.intent.category.LAUNCHER+com.finance.hechuang.serviceonline.MainActivity
ADDED from src\main\AndroidManifest.xml:16:13-22:29
action#android.intent.action.MAIN
ADDED from src\main\AndroidManifest.xml:17:17-69
	android:name
		ADDED from src\main\AndroidManifest.xml:17:25-66
category#android.intent.category.LAUNCHER
ADDED from src\main\AndroidManifest.xml:19:17-77
	android:name
		ADDED from src\main\AndroidManifest.xml:19:27-74
action#com.finance.hechuang.serviceonline.MainActivity
ADDED from src\main\AndroidManifest.xml:21:17-90
	android:name
		ADDED from src\main\AndroidManifest.xml:21:25-87
activity#com.finance.hechuang.serviceonline.RVtest1.RVtest1Activity
ADDED from src\main\AndroidManifest.xml:24:9-61
	android:name
		ADDED from src\main\AndroidManifest.xml:24:19-58
activity#com.finance.hechuang.serviceonline.RVtest1.RVtest2Activity
ADDED from src\main\AndroidManifest.xml:25:9-61
	android:name
		ADDED from src\main\AndroidManifest.xml:25:19-58
activity#com.finance.hechuang.serviceonline.RVtest1.RVtest3Activity
ADDED from src\main\AndroidManifest.xml:26:9-61
	android:name
		ADDED from src\main\AndroidManifest.xml:26:19-58
activity#com.finance.hechuang.serviceonline.RVtest1.RVtest4Activity
ADDED from src\main\AndroidManifest.xml:27:9-70
	android:name
		ADDED from src\main\AndroidManifest.xml:27:19-58
uses-sdk
INJECTED from src\main\AndroidManifest.xml reason: use-sdk injection requested
MERGED from [ServiceOnline:datalayer:unspecified] AndroidManifest.xml:7:5-9:41
MERGED from [com.android.support:appcompat-v7:23.1.1] AndroidManifest.xml:20:5-43
MERGED from [com.android.support:support-v4:23.1.1] AndroidManifest.xml:20:5-43
MERGED from [io.reactivex:rxandroid:1.1.0] AndroidManifest.xml:19:5-43
MERGED from [com.android.support:appcompat-v7:23.1.1] AndroidManifest.xml:20:5-43
MERGED from [com.android.support:support-v4:23.1.1] AndroidManifest.xml:20:5-43
MERGED from [com.android.support:recyclerview-v7:23.1.1] AndroidManifest.xml:20:5-43
MERGED from [com.android.support:support-v4:23.1.1] AndroidManifest.xml:20:5-43
MERGED from [io.reactivex:rxandroid:1.1.0] AndroidManifest.xml:19:5-43
	android:targetSdkVersion
		INJECTED from src\main\AndroidManifest.xml
		INJECTED from src\main\AndroidManifest.xml
	android:minSdkVersion
		INJECTED from src\main\AndroidManifest.xml
		INJECTED from src\main\AndroidManifest.xml